Modifying modelsim.ini

Model Technology ModelSim SE vcom 6.5c Compiler 2009.08 Aug 27 2009
-- Loading package standard
-- Loading package std_logic_1164
-- Loading package vital_timing
-- Compiling package vcomponents
-- Loading package vital_primitives
-- Loading package textio
-- Compiling package vpackage
-- Compiling package body vpackage
-- Loading package vpackage
-- Compiling entity x_and2b1l
-- Compiling architecture x_and2b1l_v of x_and2b1l
-- Loading package vpackage
-- Compiling entity x_autobuf
-- Compiling architecture x_autobuf_v of x_autobuf
-- Loading package vcomponents
-- Compiling entity x_bscan_virtex6
-- Compiling architecture x_bscan_virtex6_v of x_bscan_virtex6
-- Compiling entity x_bufhce
-- Compiling architecture x_bufhce_v of x_bufhce
-- Loading package std_logic_arith
-- Loading package std_logic_unsigned
-- Compiling entity x_bufiodqs
-- Compiling architecture x_bufiodqs_v of x_bufiodqs
-- Compiling entity x_capture_virtex6
-- Compiling architecture x_capture_virtex6_v of x_capture_virtex6
-- Loading package std_logic_signed
-- Compiling entity x_dsp48e1
-- Compiling architecture x_dsp48e1_v of x_dsp48e1
-- Loading package standard
-- Loading package std_logic_1164
-- Loading package std_logic_arith
-- Loading package vital_timing
-- Loading package vcomponents
-- Loading package vital_primitives
-- Loading package textio
-- Loading package vpackage
-- Compiling entity x_efuse_usr
-- Compiling architecture x_efuse_usr_v of x_efuse_usr
-- Compiling entity x_ff18_internal_vhdl
-- Compiling architecture x_ff18_internal_vhdl_v of x_ff18_internal_vhdl
-- Compiling entity x_fifo18e1
-- Compiling architecture x_fifo18e1_v of x_fifo18e1
-- Compiling entity x_ff36_internal_vhdl
-- Compiling architecture x_ff36_internal_vhdl_v of x_ff36_internal_vhdl
-- Compiling entity x_fifo36e1
-- Compiling architecture x_fifo36e1_v of x_fifo36e1
-- Loading package numeric_std
-- Compiling entity x_frame_ecc_virtex6
-- Compiling architecture x_frame_ecc_virtex6_v of x_frame_ecc_virtex6
-- Loading package std_logic_unsigned
-- Compiling entity x_ibufds_gtxe1
-- Compiling architecture x_ibufds_gtxe1_v of x_ibufds_gtxe1
-- Compiling entity x_icap_virtex6
-- Compiling architecture x_icap_virtex6_v of x_icap_virtex6
-- Compiling entity x_iodelaye1
-- Compiling architecture x_iodelaye1_v of x_iodelaye1
-- Compiling entity bscntrl_iserdese1_vhd
-- Compiling architecture bscntrl_iserdese1_vhd_v of bscntrl_iserdese1_vhd
-- Compiling entity ice_iserdese1_vhd
-- Compiling architecture ice_iserdese1_vhd_v of ice_iserdese1_vhd
-- Compiling entity x_iserdese1
-- Compiling architecture x_iserdese1_v of x_iserdese1
-- Loading package vital_timing
-- Loading package vital_primitives
-- Compiling entity x_jtag_sim_virtex6
-- Compiling architecture x_jtag_sim_virtex6_v of x_jtag_sim_virtex6
-- Loading package std_logic_signed
-- Compiling entity x_mmcm_adv
-- Compiling architecture x_mmcm_adv_v of x_mmcm_adv
-- Compiling entity x_or2l
-- Compiling architecture x_or2l_v of x_or2l
-- Compiling entity selfheal_oserdese1_vhd
-- Compiling architecture selfheal_oserdese1_vhd_v of selfheal_oserdese1_vhd
-- Compiling entity plg_oserdese1_vhd
-- Compiling architecture plg_oserdese1_vhd_v of plg_oserdese1_vhd
-- Compiling entity rank12d_oserdese1_vhd
-- Compiling architecture rank12d_oserdese1_vhd_v of rank12d_oserdese1_vhd
-- Compiling entity trif_oserdese1_vhd
-- Compiling architecture trif_oserdese1_vhd_v of trif_oserdese1_vhd
-- Compiling entity txbuffer_oserdese1_vhd
-- Compiling architecture txbuffer_oserdese1_vhd_v of txbuffer_oserdese1_vhd
-- Compiling entity fifo_tdpipe_oserdese1_vhd
-- Compiling architecture fifo_tdpipe_oserdese1_vhd_v of fifo_tdpipe_oserdese1_vhd
-- Compiling entity fifo_reset_oserdese1_vhd
-- Compiling architecture fifo_reset_oserdese1_vhd_v of fifo_reset_oserdese1_vhd
-- Compiling entity fifo_addr_oserdese1_vhd
-- Compiling architecture fifo_addr_oserdese1_vhd_v of fifo_addr_oserdese1_vhd
-- Compiling entity iodlyctrl_npre_oserdese1_vhd
-- Compiling architecture iodlyctrl_npre_oserdese1_vhd_v of iodlyctrl_npre_oserdese1_vhd
-- Compiling entity dout_oserdese1_vhd
-- Compiling architecture dout_oserdese1_vhd_v of dout_oserdese1_vhd
-- Compiling entity tout_oserdese1_vhd
-- Compiling architecture tout_oserdese1_vhd_v of tout_oserdese1_vhd
-- Compiling entity x_oserdese1
-- Compiling architecture x_oserdese1_v of x_oserdese1
-- Loading package std_logic_textio
-- Compiling entity x_rb18_internal_vhdl
-- Compiling architecture x_rb18_internal_vhdl_v of x_rb18_internal_vhdl
-- Compiling entity x_ramb18e1
-- Compiling architecture x_ramb18e1_v of x_ramb18e1
-- Compiling entity x_rb36_internal_vhdl
-- Compiling architecture x_rb36_internal_vhdl_v of x_rb36_internal_vhdl
-- Compiling entity x_ramb36e1
-- Compiling architecture x_ramb36e1_v of x_ramb36e1
-- Compiling entity x_sim_config_v6
-- Compiling architecture x_sim_config_v6_v of x_sim_config_v6
-- Compiling entity x_sim_config_v6_serial
-- Compiling architecture x_sim_config_v6_serial_v of x_sim_config_v6_serial
-- Compiling entity x_startup_virtex6
-- Compiling architecture x_startup_virtex6_v of x_startup_virtex6
-- Compiling entity x_startup_virtex6_self_timing
-- Compiling architecture x_startup_virtex6_self_timing_v of x_startup_virtex6_self_timing
-- Compiling entity x_usr_access_virtex6
-- Compiling architecture x_usr_access_virtex6_v of x_usr_access_virtex6
-- Compiling entity x_afifo36_internal
-- Compiling architecture x_afifo36_internal_v of x_afifo36_internal
-- Compiling entity x_aramb36_internal
-- Compiling architecture x_aramb36_internal_v of x_aramb36_internal
-- Compiling entity x_bscan_virtex5
-- Compiling architecture x_bscan_virtex5_v of x_bscan_virtex5
-- Compiling entity x_carry4
-- Compiling architecture x_carry4_v of x_carry4
-- Compiling entity x_crc32
-- Compiling architecture x_crc32_v of x_crc32
-- Compiling entity x_crc64
-- Compiling architecture x_crc64_v of x_crc64
-- Compiling entity x_dsp48e
-- Compiling architecture x_dsp48e_v of x_dsp48e
-- Loading package standard
-- Loading package std_logic_1164
-- Loading package vital_timing
-- Loading package vcomponents
-- Loading package vital_primitives
-- Loading package textio
-- Loading package vpackage
-- Compiling entity x_fifo18
-- Compiling architecture x_fifo18_v of x_fifo18
-- Compiling entity x_fifo18_36
-- Compiling architecture x_fifo18_36_v of x_fifo18_36
-- Compiling entity x_fifo36_72_exp
-- Compiling architecture x_fifo36_72_exp_v of x_fifo36_72_exp
-- Compiling entity x_fifo36_exp
-- Compiling architecture x_fifo36_exp_v of x_fifo36_exp
-- Compiling entity x_iddr_2clk
-- Compiling architecture x_iddr_2clk_v of x_iddr_2clk
-- Compiling entity x_iodelay
-- Compiling architecture x_iodelay_v of x_iodelay
-- Loading package std_logic_arith
-- Compiling entity bscntrl_nodelay
-- Compiling architecture bscntrl_nodelay_v of bscntrl_nodelay
-- Compiling entity ice_module_nodelay
-- Compiling architecture ice_module_nodelay_v of ice_module_nodelay
-- Compiling entity x_iserdes_nodelay
-- Compiling architecture x_iserdes_nodelay_v of x_iserdes_nodelay
-- Loading package vital_timing
-- Loading package vital_primitives
-- Compiling entity x_jtag_sim_virtex5_submod
-- Compiling architecture x_jtag_sim_virtex5_submod_v of x_jtag_sim_virtex5_submod
-- Compiling entity x_jtag_sim_virtex5
-- Compiling architecture x_jtag_sim_virtex5_v of x_jtag_sim_virtex5
-- Compiling entity x_lut6_2
-- Compiling architecture x_lut6_2_v of x_lut6_2
-- Loading package numeric_std
-- Compiling entity x_pll_adv
-- Compiling architecture x_pll_adv_v of x_pll_adv
-- Compiling entity x_ram32m
-- Compiling architecture x_ram32m_v of x_ram32m
-- Compiling entity x_ram64m
-- Compiling architecture x_ram64m_v of x_ram64m
-- Compiling entity x_ramb18
-- Compiling architecture x_ramb18_v of x_ramb18
-- Compiling entity x_ramb18sdp
-- Compiling architecture x_ramb18sdp_v of x_ramb18sdp
-- Compiling entity x_ramb36sdp_exp
-- Compiling architecture x_ramb36sdp_exp_v of x_ramb36sdp_exp
-- Compiling entity x_ramb36_exp
-- Compiling architecture x_ramb36_exp_v of x_ramb36_exp
-- Compiling entity x_ramd128
-- Compiling architecture x_ramd128_v of x_ramd128
-- Compiling entity x_ramd64_adv
-- Compiling architecture x_ramd64_adv_v of x_ramd64_adv
-- Compiling entity x_rams256
-- Compiling architecture x_rams256_v of x_rams256
-- Compiling entity x_rams64_adv
-- Compiling architecture x_rams64_adv_v of x_rams64_adv
-- Compiling entity x_sim_config_v5
-- Compiling architecture x_sim_config_v5_v of x_sim_config_v5
-- Compiling entity x_sim_config_v5_serial
-- Compiling architecture x_sim_config_v5_serial_v of x_sim_config_v5_serial
-- Compiling entity x_srlc32e
-- Compiling architecture x_srlc32e_v of x_srlc32e
-- Compiling entity x_startup_virtex5
-- Compiling architecture x_startup_virtex5_v of x_startup_virtex5
-- Loading package std_logic_signed
-- Compiling entity x_sysmon
-- Compiling architecture x_sysmon_v of x_sysmon
-- Compiling entity x_dsp48a
-- Compiling architecture x_dsp48a_v of x_dsp48a
-- Loading package standard
-- Loading package std_logic_1164
-- Loading package std_logic_arith
-- Loading package std_logic_signed
-- Loading package textio
-- Loading package std_logic_textio
-- Loading package vital_timing
-- Loading package vcomponents
-- Loading package vital_primitives
-- Loading package vpackage
-- Compiling entity x_ramb16bwer
-- Compiling architecture x_ramb16bwer_v of x_ramb16bwer
-- Compiling entity x_and16
-- Compiling architecture x_and16_v of x_and16
-- Compiling entity x_and2
-- Compiling architecture x_and2_v of x_and2
-- Compiling entity x_and3
-- Compiling architecture x_and3_v of x_and3
-- Compiling entity x_and32
-- Compiling architecture x_and32_v of x_and32
-- Compiling entity x_and4
-- Compiling architecture x_and4_v of x_and4
-- Compiling entity x_and5
-- Compiling architecture x_and5_v of x_and5
-- Compiling entity x_and6
-- Compiling architecture x_and6_v of x_and6
-- Compiling entity x_and7
-- Compiling architecture x_and7_v of x_and7
-- Compiling entity x_and8
-- Compiling architecture x_and8_v of x_and8
-- Compiling entity x_and9
-- Compiling architecture x_and9_v of x_and9
-- Compiling entity x_bpad
-- Compiling architecture x_bpad_v of x_bpad
-- Compiling entity x_bscan_fpgacore
-- Compiling architecture x_bscan_fpgacore_v of x_bscan_fpgacore
-- Compiling entity x_bscan_spartan3
-- Compiling architecture x_bscan_spartan3_v of x_bscan_spartan3
-- Compiling entity x_buf
-- Compiling architecture x_buf_v of x_buf
-- Compiling entity x_bufgmux
-- Compiling architecture x_bufgmux_v of x_bufgmux
-- Compiling entity x_bufgmux_1
-- Compiling architecture x_bufgmux_1_v of x_bufgmux_1
-- Compiling entity x_ckbuf
-- Compiling architecture x_ckbuf_v of x_ckbuf
-- Compiling entity x_clkdll_maximum_period_check
-- Compiling architecture x_clkdll_maximum_period_check_v of x_clkdll_maximum_period_check
-- Compiling entity x_clkdll
-- Compiling architecture x_clkdll_v of x_clkdll
-- Compiling entity x_clkdlle_maximum_period_check
-- Compiling architecture x_clkdlle_maximum_period_check_v of x_clkdlle_maximum_period_check
-- Compiling entity x_clkdlle
-- Compiling architecture x_clkdlle_v of x_clkdlle
-- Compiling entity x_clk_div
-- Compiling architecture x_clk_div_v of x_clk_div
-- Compiling entity x_dcm_clock_divide_by_2
-- Compiling architecture x_dcm_clock_divide_by_2_v of x_dcm_clock_divide_by_2
-- Compiling entity x_dcm_maximum_period_check
-- Compiling architecture x_dcm_maximum_period_check_v of x_dcm_maximum_period_check
-- Compiling entity x_dcm_clock_lost
-- Compiling architecture x_dcm_clock_lost_v of x_dcm_clock_lost
-- Compiling entity x_dcm
-- Compiling architecture x_dcm_v of x_dcm
-- Compiling entity x_dcm_sp_clock_divide_by_2
-- Compiling architecture x_dcm_sp_clock_divide_by_2_v of x_dcm_sp_clock_divide_by_2
-- Compiling entity x_dcm_sp_maximum_period_check
-- Compiling architecture x_dcm_sp_maximum_period_check_v of x_dcm_sp_maximum_period_check
-- Compiling entity x_dcm_sp_clock_lost
-- Compiling architecture x_dcm_sp_clock_lost_v of x_dcm_sp_clock_lost
-- Compiling entity x_dcm_sp
-- Compiling architecture x_dcm_sp_v of x_dcm_sp
-- Compiling entity x_fdd
-- Compiling architecture x_fdd_v of x_fdd
-- Compiling entity x_fddrcpe
-- Compiling architecture x_fddrcpe_v of x_fddrcpe
-- Compiling entity x_fddrrse
-- Compiling architecture x_fddrrse_v of x_fddrrse
-- Compiling entity x_ff
-- Compiling architecture x_ff_v of x_ff
-- Compiling entity x_ff_cpld
-- Compiling architecture x_ff_cpld_v of x_ff_cpld
-- Compiling entity x_ibufds
-- Compiling architecture x_ibufds_v of x_ibufds
-- Compiling entity x_inv
-- Compiling architecture x_inv_v of x_inv
-- Compiling entity x_ipad
-- Compiling architecture x_ipad_v of x_ipad
-- Compiling entity x_keeper
-- Compiling architecture x_keeper_v of x_keeper
-- Compiling entity x_latch
-- Compiling architecture x_latch_v of x_latch
-- Compiling entity x_latche
-- Compiling architecture x_latche_v of x_latche
-- Compiling entity x_latch_cpld
-- Compiling architecture x_latch_cpld_v of x_latch_cpld
-- Compiling entity x_lut2
-- Compiling architecture x_lut2_v of x_lut2
-- Compiling entity x_lut3
-- Compiling architecture x_lut3_v of x_lut3
-- Compiling entity x_lut4
-- Compiling architecture x_lut4_v of x_lut4
-- Compiling entity x_lut5
-- Compiling architecture x_lut5_v of x_lut5
-- Compiling entity x_lut6
-- Compiling architecture x_lut6_v of x_lut6
-- Compiling entity x_lut7
-- Compiling architecture x_lut7_v of x_lut7
-- Compiling entity x_lut8
-- Compiling architecture x_lut8_v of x_lut8
-- Compiling entity x_mult18x18
-- Compiling architecture x_mult18x18_v of x_mult18x18
-- Compiling entity x_mult18x18s
-- Compiling architecture x_mult18x18s_v of x_mult18x18s
-- Compiling entity x_mux2
-- Compiling architecture x_mux2_v of x_mux2
-- Compiling entity x_obuf
-- Compiling architecture x_obuf_v of x_obuf
-- Compiling entity x_obufds
-- Compiling architecture x_obufds_v of x_obufds
-- Compiling entity x_obuft
-- Compiling architecture x_obuft_v of x_obuft
-- Compiling entity x_obuftds
-- Compiling architecture x_obuftds_v of x_obuftds
-- Compiling entity x_one
-- Compiling architecture x_one_v of x_one
-- Compiling entity x_opad
-- Compiling architecture x_opad_v of x_opad
-- Compiling entity x_or16
-- Compiling architecture x_or16_v of x_or16
-- Compiling entity x_or2
-- Compiling architecture x_or2_v of x_or2
-- Compiling entity x_or3
-- Compiling architecture x_or3_v of x_or3
-- Compiling entity x_or32
-- Compiling architecture x_or32_v of x_or32
-- Compiling entity x_or4
-- Compiling architecture x_or4_v of x_or4
-- Compiling entity x_or5
-- Compiling architecture x_or5_v of x_or5
-- Compiling entity x_or6
-- Compiling architecture x_or6_v of x_or6
-- Compiling entity x_or7
-- Compiling architecture x_or7_v of x_or7
-- Compiling entity x_or8
-- Compiling architecture x_or8_v of x_or8
-- Compiling entity x_or9
-- Compiling architecture x_or9_v of x_or9
-- Compiling entity x_pd
-- Compiling architecture x_pd_v of x_pd
-- Compiling entity x_pu
-- Compiling architecture x_pu_v of x_pu
-- Compiling entity x_ramb16_s1
-- Compiling architecture x_ramb16_s1_v of x_ramb16_s1
-- Compiling entity x_ramb16_s18
-- Compiling architecture x_ramb16_s18_v of x_ramb16_s18
-- Compiling entity x_ramb16_s18_s18
-- Compiling architecture x_ramb16_s18_s18_v of x_ramb16_s18_s18
-- Compiling entity x_ramb16_s18_s36
-- Compiling architecture x_ramb16_s18_s36_v of x_ramb16_s18_s36
-- Compiling entity x_ramb16_s1_s1
-- Compiling architecture x_ramb16_s1_s1_v of x_ramb16_s1_s1
-- Compiling entity x_ramb16_s1_s18
-- Compiling architecture x_ramb16_s1_s18_v of x_ramb16_s1_s18
-- Compiling entity x_ramb16_s1_s2
-- Compiling architecture x_ramb16_s1_s2_v of x_ramb16_s1_s2
-- Compiling entity x_ramb16_s1_s36
-- Compiling architecture x_ramb16_s1_s36_v of x_ramb16_s1_s36
-- Compiling entity x_ramb16_s1_s4
-- Compiling architecture x_ramb16_s1_s4_v of x_ramb16_s1_s4
-- Compiling entity x_ramb16_s1_s9
-- Compiling architecture x_ramb16_s1_s9_v of x_ramb16_s1_s9
-- Compiling entity x_ramb16_s2
-- Compiling architecture x_ramb16_s2_v of x_ramb16_s2
-- Compiling entity x_ramb16_s2_s18
-- Compiling architecture x_ramb16_s2_s18_v of x_ramb16_s2_s18
-- Compiling entity x_ramb16_s2_s2
-- Compiling architecture x_ramb16_s2_s2_v of x_ramb16_s2_s2
-- Compiling entity x_ramb16_s2_s36
-- Compiling architecture x_ramb16_s2_s36_v of x_ramb16_s2_s36
-- Compiling entity x_ramb16_s2_s4
-- Compiling architecture x_ramb16_s2_s4_v of x_ramb16_s2_s4
-- Compiling entity x_ramb16_s2_s9
-- Compiling architecture x_ramb16_s2_s9_v of x_ramb16_s2_s9
-- Compiling entity x_ramb16_s36
-- Compiling architecture x_ramb16_s36_v of x_ramb16_s36
-- Compiling entity x_ramb16_s36_s36
-- Compiling architecture x_ramb16_s36_s36_v of x_ramb16_s36_s36
-- Compiling entity x_ramb16_s4
-- Compiling architecture x_ramb16_s4_v of x_ramb16_s4
-- Compiling entity x_ramb16_s4_s18
-- Compiling architecture x_ramb16_s4_s18_v of x_ramb16_s4_s18
-- Compiling entity x_ramb16_s4_s36
-- Compiling architecture x_ramb16_s4_s36_v of x_ramb16_s4_s36
-- Compiling entity x_ramb16_s4_s4
-- Compiling architecture x_ramb16_s4_s4_v of x_ramb16_s4_s4
-- Compiling entity x_ramb16_s4_s9
-- Compiling architecture x_ramb16_s4_s9_v of x_ramb16_s4_s9
-- Compiling entity x_ramb16_s9
-- Compiling architecture x_ramb16_s9_v of x_ramb16_s9
-- Loading package standard
-- Loading package std_logic_1164
-- Loading package vital_timing
-- Loading package vital_primitives
-- Loading package textio
-- Loading package vpackage
-- Loading package vcomponents
-- Compiling entity x_ramb16_s9_s18
-- Compiling architecture x_ramb16_s9_s18_v of x_ramb16_s9_s18
-- Compiling entity x_ramb16_s9_s36
-- Compiling architecture x_ramb16_s9_s36_v of x_ramb16_s9_s36
-- Compiling entity x_ramb16_s9_s9
-- Compiling architecture x_ramb16_s9_s9_v of x_ramb16_s9_s9
-- Compiling entity x_ramb4_s1
-- Compiling architecture x_ramb4_s1_v of x_ramb4_s1
-- Compiling entity x_ramb4_s16
-- Compiling architecture x_ramb4_s16_v of x_ramb4_s16
-- Compiling entity x_ramb4_s16_s16
-- Compiling architecture x_ramb4_s16_s16_v of x_ramb4_s16_s16
-- Compiling entity x_ramb4_s1_s1
-- Compiling architecture x_ramb4_s1_s1_v of x_ramb4_s1_s1
-- Compiling entity x_ramb4_s1_s16
-- Compiling architecture x_ramb4_s1_s16_v of x_ramb4_s1_s16
-- Compiling entity x_ramb4_s1_s2
-- Compiling architecture x_ramb4_s1_s2_v of x_ramb4_s1_s2
-- Compiling entity x_ramb4_s1_s4
-- Compiling architecture x_ramb4_s1_s4_v of x_ramb4_s1_s4
-- Compiling entity x_ramb4_s1_s8
-- Compiling architecture x_ramb4_s1_s8_v of x_ramb4_s1_s8
-- Compiling entity x_ramb4_s2
-- Compiling architecture x_ramb4_s2_v of x_ramb4_s2
-- Compiling entity x_ramb4_s2_s16
-- Compiling architecture x_ramb4_s2_s16_v of x_ramb4_s2_s16
-- Compiling entity x_ramb4_s2_s2
-- Compiling architecture x_ramb4_s2_s2_v of x_ramb4_s2_s2
-- Compiling entity x_ramb4_s2_s4
-- Compiling architecture x_ramb4_s2_s4_v of x_ramb4_s2_s4
-- Compiling entity x_ramb4_s2_s8
-- Compiling architecture x_ramb4_s2_s8_v of x_ramb4_s2_s8
-- Compiling entity x_ramb4_s4
-- Compiling architecture x_ramb4_s4_v of x_ramb4_s4
-- Compiling entity x_ramb4_s4_s16
-- Compiling architecture x_ramb4_s4_s16_v of x_ramb4_s4_s16
-- Compiling entity x_ramb4_s4_s4
-- Compiling architecture x_ramb4_s4_s4_v of x_ramb4_s4_s4
-- Compiling entity x_ramb4_s4_s8
-- Compiling architecture x_ramb4_s4_s8_v of x_ramb4_s4_s8
-- Compiling entity x_ramb4_s8
-- Compiling architecture x_ramb4_s8_v of x_ramb4_s8
-- Compiling entity x_ramb4_s8_s16
-- Compiling architecture x_ramb4_s8_s16_v of x_ramb4_s8_s16
-- Compiling entity x_ramb4_s8_s8
-- Compiling architecture x_ramb4_s8_s8_v of x_ramb4_s8_s8
-- Compiling entity x_ramd16
-- Compiling architecture x_ramd16_v of x_ramd16
-- Compiling entity x_ramd32
-- Compiling architecture x_ramd32_v of x_ramd32
-- Compiling entity x_ramd64
-- Compiling architecture x_ramd64_v of x_ramd64
-- Compiling entity x_rams128
-- Compiling architecture x_rams128_v of x_rams128
-- Compiling entity x_rams16
-- Compiling architecture x_rams16_v of x_rams16
-- Compiling entity x_rams32
-- Compiling architecture x_rams32_v of x_rams32
-- Compiling entity x_rams64
-- Compiling architecture x_rams64_v of x_rams64
-- Compiling entity x_roc
-- Compiling architecture x_roc_v of x_roc
-- Compiling entity x_rocbuf
-- Compiling architecture x_rocbuf_v of x_rocbuf
-- Compiling entity x_sff
-- Compiling architecture x_sff_v of x_sff
-- Compiling entity x_srl16e
-- Compiling architecture x_srl16e_v of x_srl16e
-- Compiling entity x_srlc16e
-- Compiling architecture x_srlc16e_v of x_srlc16e
-- Compiling entity x_startup_fpgacore
-- Compiling architecture x_startup_fpgacore_v of x_startup_fpgacore
-- Compiling entity x_startup_spartan3
-- Compiling architecture x_startup_spartan3_v of x_startup_spartan3
-- Compiling entity x_suh
-- Compiling architecture x_suh_v of x_suh
-- Compiling entity x_toc
-- Compiling architecture x_toc_v of x_toc
-- Compiling entity x_tocbuf
-- Compiling architecture x_tocbuf_v of x_tocbuf
-- Compiling entity x_tri
-- Compiling architecture x_tri_v of x_tri
-- Compiling entity x_upad
-- Compiling architecture x_upad_v of x_upad
-- Compiling entity x_xor16
-- Compiling architecture x_xor16_v of x_xor16
-- Compiling entity x_xor2
-- Compiling architecture x_xor2_v of x_xor2
-- Compiling entity x_xor3
-- Compiling architecture x_xor3_v of x_xor3
-- Compiling entity x_xor32
-- Compiling architecture x_xor32_v of x_xor32
-- Compiling entity x_xor4
-- Compiling architecture x_xor4_v of x_xor4
-- Compiling entity x_xor5
-- Compiling architecture x_xor5_v of x_xor5
-- Compiling entity x_xor6
-- Compiling architecture x_xor6_v of x_xor6
-- Compiling entity x_xor7
-- Compiling architecture x_xor7_v of x_xor7
-- Compiling entity x_xor8
-- Compiling architecture x_xor8_v of x_xor8
-- Compiling entity x_zero
-- Compiling architecture x_zero_v of x_zero
-- Compiling entity x_iddr2
-- Compiling architecture x_iddr2_v of x_iddr2
-- Loading package std_logic_arith
-- Loading package std_logic_signed
-- Compiling entity x_mult18x18sio
-- Compiling architecture x_mult18x18sio_v of x_mult18x18sio
-- Compiling entity x_oddr2
-- Compiling architecture x_oddr2_v of x_oddr2
-- Compiling entity x_startup_spartan3e
-- Compiling architecture x_startup_spartan3e_v of x_startup_spartan3e
-- Compiling entity x_bscan_spartan6
-- Compiling architecture x_bscan_spartan6_v of x_bscan_spartan6
-- Loading package std_logic_unsigned
-- Compiling entity x_bufio2
-- Compiling architecture x_bufio2_v of x_bufio2
-- Compiling entity x_bufio2fb
-- Compiling architecture x_bufio2fb_v of x_bufio2fb
-- Compiling entity x_bufio2_2clk
-- Compiling architecture x_bufio2_2clk_v of x_bufio2_2clk
-- Compiling entity x_bufpll
-- Compiling architecture x_bufpll_v of x_bufpll
-- Compiling entity x_bufpll_mcb
-- Compiling architecture x_bufpll_mcb_v of x_bufpll_mcb
-- Loading package numeric_std
-- Compiling entity x_dcm_clkgen
-- Compiling architecture x_dcm_clkgen_v of x_dcm_clkgen
-- Compiling entity x_dsp48a1
-- Compiling architecture x_dsp48a1_v of x_dsp48a1
-- Loading package standard
-- Loading package std_logic_1164
-- Loading package std_logic_arith
-- Loading package numeric_std
-- Loading package textio
-- Loading package vital_timing
-- Loading package vcomponents
-- Loading package vital_primitives
-- Loading package vpackage
-- Compiling entity x_icap_spartan6
-- Compiling architecture x_icap_spartan6_v of x_icap_spartan6
-- Loading package std_logic_unsigned
-- Compiling entity x_iodelay2
-- Compiling architecture x_iodelay2_v of x_iodelay2
-- Compiling entity x_iodrp2
-- Compiling architecture x_iodrp2_v of x_iodrp2
-- Compiling entity x_iodrp2_mcb
-- Compiling architecture x_iodrp2_mcb_v of x_iodrp2_mcb
-- Loading package std_logic_textio
-- Compiling entity x_iserdes2
-- Compiling architecture x_iserdes2_v of x_iserdes2
-- Loading package vital_timing
-- Loading package vital_primitives
-- Compiling entity x_jtag_sim_spartan6
-- Compiling architecture x_jtag_sim_spartan6_v of x_jtag_sim_spartan6
-- Compiling entity x_oserdes2
-- Compiling architecture x_oserdes2_v of x_oserdes2
-- Compiling entity x_post_crc_internal
-- Compiling architecture x_post_crc_internal_v of x_post_crc_internal
-- Loading package std_logic_signed
-- Compiling entity x_ramb8bwer
-- Compiling architecture x_ramb8bwer_v of x_ramb8bwer
-- Compiling entity x_sim_config_s6
-- Compiling architecture x_sim_config_s6_v of x_sim_config_s6
-- Compiling entity x_sim_config_s6_serial
-- Compiling architecture x_sim_config_s6_serial_v of x_sim_config_s6_serial
-- Compiling entity x_startup_spartan6
-- Compiling architecture x_startup_spartan6_v of x_startup_spartan6
-- Compiling entity x_suspend_sync
-- Compiling architecture x_suspend_sync_v of x_suspend_sync
-- Compiling entity x_bscan_spartan3a
-- Compiling architecture x_bscan_spartan3a_v of x_bscan_spartan3a
-- Compiling entity x_dna_port
-- Compiling architecture x_dna_port_v of x_dna_port
-- Compiling entity x_ibufds_dly_adj
-- Compiling architecture x_ibufds_dly_adj_v of x_ibufds_dly_adj
-- Compiling entity x_ibuf_dly_adj
-- Compiling architecture x_ibuf_dly_adj_v of x_ibuf_dly_adj
-- Compiling entity x_jtag_sim_spartan3a
-- Compiling architecture x_jtag_sim_spartan3a_v of x_jtag_sim_spartan3a
-- Compiling entity x_ramb16bwe
-- Compiling architecture x_ramb16bwe_v of x_ramb16bwe
-- Compiling entity x_sim_config_s3a
-- Compiling architecture x_sim_config_s3a_v of x_sim_config_s3a
-- Compiling entity x_sim_config_s3a_serial
-- Compiling architecture x_sim_config_s3a_serial_v of x_sim_config_s3a_serial
-- Compiling entity x_spi_access
-- Compiling architecture x_spi_access_v of x_spi_access
-- Compiling entity x_startup_spartan3a
-- Compiling architecture x_startup_spartan3a_v of x_startup_spartan3a
-- Compiling entity x_bscan_virtex4
-- Compiling architecture x_bscan_virtex4_v of x_bscan_virtex4
-- Compiling entity x_bufgctrl
-- Compiling architecture x_bufgctrl_v of x_bufgctrl
-- Compiling entity x_bufr
-- Compiling architecture x_bufr_v of x_bufr
-- Compiling entity x_dcm_adv_clock_divide_by_2
-- Compiling architecture x_dcm_adv_clock_divide_by_2_v of x_dcm_adv_clock_divide_by_2
-- Compiling entity x_dcm_adv_maximum_period_check
-- Compiling architecture x_dcm_adv_maximum_period_check_v of x_dcm_adv_maximum_period_check
-- Compiling entity x_dcm_adv_clock_lost
-- Compiling architecture x_dcm_adv_clock_lost_v of x_dcm_adv_clock_lost
-- Compiling entity x_dcm_adv
-- Compiling architecture x_dcm_adv_v of x_dcm_adv
-- Compiling entity x_dsp48
-- Compiling architecture x_dsp48_v of x_dsp48
-- Loading package standard
-- Loading package std_logic_1164
-- Loading package std_logic_arith
-- Loading package textio
-- Loading package vital_timing
-- Loading package vcomponents
-- Loading package vital_primitives
-- Loading package vpackage
-- Compiling entity x_fifo16
-- Compiling architecture x_fifo16_v of x_fifo16
-- Compiling entity x_iddr
-- Compiling architecture x_iddr_v of x_iddr
-- Compiling entity x_idelay
-- Compiling architecture x_idelay_v of x_idelay
-- Compiling entity x_idelayctrl
-- Compiling architecture x_idelayctrl_v of x_idelayctrl
-- Compiling entity bscntrl
-- Compiling architecture bscntrl_v of bscntrl
-- Compiling entity ice_module
-- Compiling architecture ice_v of ice_module
-- Compiling entity x_iserdes
-- Compiling architecture x_iserdes_v of x_iserdes
-- Loading package vital_timing
-- Loading package vital_primitives
-- Compiling entity x_jtag_sim_virtex4_submod
-- Compiling architecture x_jtag_sim_virtex4_submod_v of x_jtag_sim_virtex4_submod
-- Compiling entity x_jtag_sim_virtex4
-- Compiling architecture x_jtag_sim_virtex4_v of x_jtag_sim_virtex4
-- Compiling entity x_oddr
-- Compiling architecture x_oddr_v of x_oddr
-- Compiling entity x_plg
-- Compiling architecture x_plg_v of x_plg
-- Compiling entity x_ioout
-- Compiling architecture x_ioout_v of x_ioout
-- Compiling entity x_iot
-- Compiling architecture x_iot_v of x_iot
-- Compiling entity x_oserdes
-- Compiling architecture x_oserdes_v of x_oserdes
-- Compiling entity x_pmcd
-- Compiling architecture x_pmcd_v of x_pmcd
-- Compiling entity x_ramb16
-- Compiling architecture x_ramb16_v of x_ramb16
-- Compiling entity x_startup_virtex4
-- Compiling architecture x_startup_virtex4_v of x_startup_virtex4
-- Compiling entity x_ibufds_gthe1
-- Compiling architecture x_ibufds_gthe1_v of x_ibufds_gthe1

